[analogdevicesinc.github.io/no-OS/index.html]
[backblue.gif]
[fade.gif]
[index.html]
[analogdevicesinc.github.io/no-OS/_static/pygmentsbf58.css]
[analogdevicesinc.github.io/no-OS/_static/style.min1646.css]
[analogdevicesinc.github.io/no-OS/_static/documentation_options0b7c.js]
[analogdevicesinc.github.io/no-OS/_static/doctoolsfd15.js]
[analogdevicesinc.github.io/no-OS/_static/sphinx_highlight7f57.js]
[analogdevicesinc.github.io/no-OS/_static/app.umda138.js]
[analogdevicesinc.github.io/no-OS/genindex.html]
[analogdevicesinc.github.io/no-OS/search.html]
[analogdevicesinc.github.io/no-OS/drivers_guide.html]
[analogdevicesinc.github.io/no-OS/index-2.html]
[analogdevicesinc.github.io/no-OS/drivers_doc.html]
[analogdevicesinc.github.io/no-OS/drivers/adxl355.html]
[analogdevicesinc.github.io/no-OS/drivers/adm1177.html]
[analogdevicesinc.github.io/no-OS/drivers/ad405x.html]
[analogdevicesinc.github.io/no-OS/drivers/ad796x.html]
[analogdevicesinc.github.io/no-OS/drivers/ad400x.html]
[analogdevicesinc.github.io/no-OS/drivers/axi_sysid.html]
[analogdevicesinc.github.io/no-OS/drivers/max14914.html]
[analogdevicesinc.github.io/no-OS/drivers/max14919.html]
[analogdevicesinc.github.io/no-OS/drivers/max149x6.html]
[analogdevicesinc.github.io/no-OS/drivers/max22190.html]
[analogdevicesinc.github.io/no-OS/drivers/max22196.html]
[analogdevicesinc.github.io/no-OS/drivers/max22200.html]
[analogdevicesinc.github.io/no-OS/drivers/max2201x.html]
[analogdevicesinc.github.io/no-OS/drivers/adf4382.html]
[analogdevicesinc.github.io/no-OS/drivers/imu.html]
[analogdevicesinc.github.io/no-OS/drivers/madura.html]
[analogdevicesinc.github.io/no-OS/drivers/adp1050.html]
[analogdevicesinc.github.io/no-OS/drivers/ltc2992.html]
[analogdevicesinc.github.io/no-OS/drivers/ltc4296.html]
[analogdevicesinc.github.io/no-OS/projects_doc.html]
[analogdevicesinc.github.io/no-OS/projects/ad7091r8-sdz.html]
[analogdevicesinc.github.io/no-OS/projects/ad7616-st.html]
[analogdevicesinc.github.io/no-OS/projects/ad796x_fmcz.html]
[analogdevicesinc.github.io/no-OS/projects/ad400x-fmcz.html]
[analogdevicesinc.github.io/no-OS/projects/ad469x_fmcz.html]
[analogdevicesinc.github.io/no-OS/projects/adf4382.html]
[analogdevicesinc.github.io/no-OS/projects/eval-adis1646x.html]
[analogdevicesinc.github.io/no-OS/projects/eval-adis1647x.html]
[analogdevicesinc.github.io/no-OS/projects/eval-adis1650x.html]
[analogdevicesinc.github.io/no-OS/projects/eval-adis1654x.html]
[analogdevicesinc.github.io/no-OS/projects/eval-adis1655x.html]
[analogdevicesinc.github.io/no-OS/projects/eval-adis1657x.html]
[analogdevicesinc.github.io/no-OS/projects/eval-ade9430.html]
[analogdevicesinc.github.io/no-OS/projects/adrv902x.html]
[analogdevicesinc.github.io/no-OS/projects/apard32690.html]
[analogdevicesinc.github.io/no-OS/projects/max14914.html]
[analogdevicesinc.github.io/no-OS/projects/max14919.html]
[analogdevicesinc.github.io/no-OS/projects/adp1050.html]
[analogdevicesinc.github.io/no-OS/projects/ltc4296.html]
[analogdevicesinc.github.io/no-OS/projects/max2201x.html]
[analogdevicesinc.github.io/no-OS/contributing.html]
[analogdevicesinc.github.io/no-OS/index.html]
[analogdevicesinc.github.io/no-OS/_static/pygmentsbf58.css]
[analogdevicesinc.github.io/no-OS/doxygen/index.html]
[analogdevicesinc.github.io/no-OS/_static/fonts/barlow/Barlow-Medium.woff2]
[analogdevicesinc.github.io/no-OS/_static/fonts/barlow/Barlow-SemiBold.woff2]
[analogdevicesinc.github.io/no-OS/_static/fonts/inter/Inter-Regular.woff2]
[analogdevicesinc.github.io/no-OS/_static/fonts/inter/Inter-SemiBold.woff2]
[analogdevicesinc.github.io/no-OS/_static/esd-warning.svg]
[analogdevicesinc.github.io/no-OS/_static/icons.svg]
[analogdevicesinc.github.io/no-OS/_static/logo-org.svg]
[analogdevicesinc.github.io/no-OS/_static/style.min1646.css]
[analogdevicesinc.github.io/no-OS/genindex.html]
[analogdevicesinc.github.io/no-OS/_static/searchtools.js]
[analogdevicesinc.github.io/no-OS/_static/language_data.js]
[analogdevicesinc.github.io/no-OS/search.html]
[analogdevicesinc.github.io/no-OS/searchindex.js]
[analogdevicesinc.github.io/no-OS/drivers_guide.html]
[analogdevicesinc.github.io/no-OS/index-2.html]
[analogdevicesinc.github.io/no-OS/drivers_doc.html]
[analogdevicesinc.github.io/no-OS/drivers/adxl355.html]
[analogdevicesinc.github.io/no-OS/drivers/adm1177.html]
[analogdevicesinc.github.io/no-OS/drivers/ad405x.html]
[analogdevicesinc.github.io/no-OS/drivers/ad796x.html]
[analogdevicesinc.github.io/no-OS/drivers/ad400x.html]
[analogdevicesinc.github.io/no-OS/drivers/axi_sysid.html]
[analogdevicesinc.github.io/no-OS/drivers/max14914.html]
[analogdevicesinc.github.io/no-OS/drivers/max14919.html]
[analogdevicesinc.github.io/no-OS/drivers/max149x6.html]
[analogdevicesinc.github.io/no-OS/drivers/max22190.html]
[analogdevicesinc.github.io/no-OS/drivers/max22196.html]
[analogdevicesinc.github.io/no-OS/drivers/max22200.html]
[analogdevicesinc.github.io/no-OS/drivers/max2201x.html]
[analogdevicesinc.github.io/no-OS/drivers/www.analog.com/en/products/adf4382a.html]
[analogdevicesinc.github.io/no-OS/drivers/adf4382.html]
[analogdevicesinc.github.io/no-OS/drivers/imu.html]
[analogdevicesinc.github.io/no-OS/drivers/madura.html]
[analogdevicesinc.github.io/no-OS/drivers/adp1050.html]
[analogdevicesinc.github.io/no-OS/drivers/ltc2992.html]
[analogdevicesinc.github.io/no-OS/drivers/www.analog.com/en/products/ltc4296-1.html]
[analogdevicesinc.github.io/no-OS/drivers/ltc4296.html]
[analogdevicesinc.github.io/no-OS/projects_doc.html]
[analogdevicesinc.github.io/no-OS/projects/ad7091r8-sdz.html]
[analogdevicesinc.github.io/no-OS/projects/ad7616-st.html]
[analogdevicesinc.github.io/no-OS/projects/ad796x_fmcz.html]
[analogdevicesinc.github.io/no-OS/projects/ad400x-fmcz.html]
[analogdevicesinc.github.io/no-OS/projects/ad469x_fmcz.html]
[analogdevicesinc.github.io/no-OS/projects/adf4382.html]
[analogdevicesinc.github.io/no-OS/projects/eval-adis1646x.html]
[analogdevicesinc.github.io/no-OS/projects/eval-adis1647x.html]
[analogdevicesinc.github.io/no-OS/projects/eval-adis1650x.html]
[analogdevicesinc.github.io/no-OS/projects/eval-adis1654x.html]
[analogdevicesinc.github.io/no-OS/projects/eval-adis1655x.html]
[analogdevicesinc.github.io/no-OS/projects/eval-adis1657x.html]
[analogdevicesinc.github.io/no-OS/projects/eval-ade9430.html]
[analogdevicesinc.github.io/no-OS/projects/adrv902x.html]
[analogdevicesinc.github.io/no-OS/projects/apard32690.html]
[analogdevicesinc.github.io/no-OS/projects/max14914.html]
[analogdevicesinc.github.io/no-OS/projects/max14919.html]
[analogdevicesinc.github.io/no-OS/projects/adp1050.html]
[analogdevicesinc.github.io/no-OS/projects/ltc4296.html]
[analogdevicesinc.github.io/no-OS/projects/max2201x.html]
[analogdevicesinc.github.io/no-OS/contributing.html]
[analogdevicesinc.github.io/no-OS/doxygen/tabs.css]
[analogdevicesinc.github.io/no-OS/doxygen/jquery.js]
[analogdevicesinc.github.io/no-OS/doxygen/dynsections.js]
[analogdevicesinc.github.io/no-OS/doxygen/search/search.css]
[analogdevicesinc.github.io/no-OS/doxygen/search/searchdata.js]
[analogdevicesinc.github.io/no-OS/doxygen/search/search.js]
[analogdevicesinc.github.io/no-OS/doxygen/doxygen.css]
[analogdevicesinc.github.io/no-OS/doxygen/menudata.js]
[analogdevicesinc.github.io/no-OS/doxygen/menu.js]
[analogdevicesinc.github.io/no-OS/doxygen/search.php]
[analogdevicesinc.github.io/no-OS/doxygen/license_page.html]
[analogdevicesinc.github.io/no-OS/doxygen/dir_d44c64559bbebec7f509842c48db8b23.html]
[analogdevicesinc.github.io/no-OS/doxygen/dir_0bb79d6a83cfcf0ad99764c4144043fa.html]
[analogdevicesinc.github.io/no-OS/doxygen/drivers_page.html]
[analogdevicesinc.github.io/no-OS/doxygen/projects_page.html]
[analogdevicesinc.github.io/no-OS/doxygen/doxygen.png]
[analogdevicesinc.github.io/no-OS/doxygen/index.html]
[analogdevicesinc.github.io/no-OS/_static/esd-warning.svg]
[analogdevicesinc.github.io/no-OS/_static/icons.svg]
[analogdevicesinc.github.io/no-OS/_static/logo-org.svg]
[analogdevicesinc.github.io/no-OS/drivers/www.analog.com/en/products/adf4382a.html]
[analogdevicesinc.github.io/no-OS/drivers/www.analog.com/en/products/ltc4296-1.html]
[analogdevicesinc.github.io/no-OS/doxygen/tab_b.png]
[analogdevicesinc.github.io/no-OS/doxygen/tab_a.png]
[analogdevicesinc.github.io/no-OS/doxygen/tab_s.png]
[analogdevicesinc.github.io/no-OS/doxygen/tabs.css]
[analogdevicesinc.github.io/no-OS/doxygen/search/search_l.png]
[analogdevicesinc.github.io/no-OS/doxygen/search/search_m.png]
[analogdevicesinc.github.io/no-OS/doxygen/search/search_r.png]
[analogdevicesinc.github.io/no-OS/doxygen/search/search.css]
[analogdevicesinc.github.io/no-OS/doxygen/nav_f.png]
[analogdevicesinc.github.io/no-OS/doxygen/nav_g.png]
[analogdevicesinc.github.io/no-OS/doxygen/folderopen.png]
[analogdevicesinc.github.io/no-OS/doxygen/folderclosed.png]
[analogdevicesinc.github.io/no-OS/doxygen/doc.png]
[analogdevicesinc.github.io/no-OS/doxygen/bc_s.png]
[analogdevicesinc.github.io/no-OS/doxygen/nav_h.png]
[analogdevicesinc.github.io/no-OS/doxygen/bdwn.png]
[analogdevicesinc.github.io/no-OS/doxygen/doxygen.css]
[analogdevicesinc.github.io/no-OS/doxygen/search.html]
[analogdevicesinc.github.io/no-OS/doxygen/license_page.html]
[analogdevicesinc.github.io/no-OS/doxygen/dir_d44c64559bbebec7f509842c48db8b23_dep.png]
[analogdevicesinc.github.io/no-OS/doxygen/dir_14bc92f4b96c8519b376567118ac28b3.html]
[analogdevicesinc.github.io/no-OS/doxygen/dir_000238_000002.html]
[analogdevicesinc.github.io/no-OS/doxygen/jesd204_8h.html]
[analogdevicesinc.github.io/no-OS/doxygen/jesd204_8h_source.html]
[analogdevicesinc.github.io/no-OS/doxygen/no__os__ain_8h.html]
[analogdevicesinc.github.io/no-OS/doxygen/no__os__ain_8h_source.html]
[analogdevicesinc.github.io/no-OS/doxygen/no__os__alloc_8h.html]
[analogdevicesinc.github.io/no-OS/doxygen/no__os__alloc_8h_source.html]
[analogdevicesinc.github.io/no-OS/doxygen/no__os__aout_8h.html]
[analogdevicesinc.github.io/no-OS/doxygen/no__os__aout_8h_source.html]
[analogdevicesinc.github.io/no-OS/doxygen/no__os__axi__io_8h.html]
[analogdevicesinc.github.io/no-OS/doxygen/no__os__axi__io_8h_source.html]
[analogdevicesinc.github.io/no-OS/doxygen/no__os__circular__buffer_8h.html]
[analogdevicesinc.github.io/no-OS/doxygen/no__os__circular__buffer_8h_source.html]
[analogdevicesinc.github.io/no-OS/doxygen/no__os__clk_8h.html]
[analogdevicesinc.github.io/no-OS/doxygen/no__os__clk_8h_source.html]
[analogdevicesinc.github.io/no-OS/doxygen/no__os__crc_8h.html]
[analogdevicesinc.github.io/no-OS/doxygen/no__os__crc_8h_source.html]
[analogdevicesinc.github.io/no-OS/doxygen/no__os__crc16_8h.html]
[analogdevicesinc.github.io/no-OS/doxygen/no__os__crc16_8h_source.html]
[analogdevicesinc.github.io/no-OS/doxygen/no__os__crc24_8h.html]
[analogdevicesinc.github.io/no-OS/doxygen/no__os__crc24_8h_source.html]
[analogdevicesinc.github.io/no-OS/doxygen/no__os__crc8_8h.html]
[analogdevicesinc.github.io/no-OS/doxygen/no__os__crc8_8h_source.html]
[analogdevicesinc.github.io/no-OS/doxygen/no__os__delay_8h.html]
[analogdevicesinc.github.io/no-OS/doxygen/no__os__delay_8h_source.html]
[analogdevicesinc.github.io/no-OS/doxygen/no__os__dma_8h.html]
[analogdevicesinc.github.io/no-OS/doxygen/no__os__dma_8h_source.html]
[analogdevicesinc.github.io/no-OS/doxygen/no__os__eeprom_8h.html]
[analogdevicesinc.github.io/no-OS/doxygen/no__os__eeprom_8h_source.html]
[analogdevicesinc.github.io/no-OS/doxygen/no__os__error_8h.html]
[analogdevicesinc.github.io/no-OS/doxygen/no__os__error_8h_source.html]
[analogdevicesinc.github.io/no-OS/doxygen/no__os__fifo_8h.html]
[analogdevicesinc.github.io/no-OS/doxygen/no__os__fifo_8h_source.html]
[analogdevicesinc.github.io/no-OS/doxygen/no__os__flash_8h.html]
[analogdevicesinc.github.io/no-OS/doxygen/no__os__flash_8h_source.html]
[analogdevicesinc.github.io/no-OS/doxygen/no__os__gpio_8h.html]
[analogdevicesinc.github.io/no-OS/doxygen/no__os__gpio_8h_source.html]
[analogdevicesinc.github.io/no-OS/doxygen/no__os__i2c_8h.html]
[analogdevicesinc.github.io/no-OS/doxygen/no__os__i2c_8h_source.html]
[analogdevicesinc.github.io/no-OS/doxygen/no__os__init_8h.html]
[analogdevicesinc.github.io/no-OS/doxygen/no__os__init_8h_source.html]
[analogdevicesinc.github.io/no-OS/doxygen/no__os__irq_8h.html]
[analogdevicesinc.github.io/no-OS/doxygen/no__os__irq_8h_source.html]
[analogdevicesinc.github.io/no-OS/doxygen/no__os__lf256fifo_8h.html]
[analogdevicesinc.github.io/no-OS/doxygen/no__os__lf256fifo_8h_source.html]
[analogdevicesinc.github.io/no-OS/doxygen/no__os__list_8h.html]
[analogdevicesinc.github.io/no-OS/doxygen/no__os__list_8h_source.html]
[analogdevicesinc.github.io/no-OS/doxygen/no__os__mdio_8h.html]
[analogdevicesinc.github.io/no-OS/doxygen/no__os__mdio_8h_source.html]
[analogdevicesinc.github.io/no-OS/doxygen/no__os__mutex_8h.html]
[analogdevicesinc.github.io/no-OS/doxygen/no__os__mutex_8h_source.html]
[analogdevicesinc.github.io/no-OS/doxygen/no__os__pid_8h.html]
[analogdevicesinc.github.io/no-OS/doxygen/no__os__pid_8h_source.html]
[analogdevicesinc.github.io/no-OS/doxygen/no__os__print__log_8h.html]
[analogdevicesinc.github.io/no-OS/doxygen/no__os__print__log_8h_source.html]
[analogdevicesinc.github.io/no-OS/doxygen/no__os__pwm_8h.html]
[analogdevicesinc.github.io/no-OS/doxygen/no__os__pwm_8h_source.html]
[analogdevicesinc.github.io/no-OS/doxygen/no__os__rtc_8h.html]
[analogdevicesinc.github.io/no-OS/doxygen/no__os__rtc_8h_source.html]
[analogdevicesinc.github.io/no-OS/doxygen/no__os__semaphore_8h.html]
[analogdevicesinc.github.io/no-OS/doxygen/no__os__semaphore_8h_source.html]
[analogdevicesinc.github.io/no-OS/doxygen/no__os__spi_8h.html]
[analogdevicesinc.github.io/no-OS/doxygen/no__os__spi_8h_source.html]
[analogdevicesinc.github.io/no-OS/doxygen/no__os__tdm_8h.html]
[analogdevicesinc.github.io/no-OS/doxygen/no__os__tdm_8h_source.html]
[analogdevicesinc.github.io/no-OS/doxygen/no__os__timer_8h.html]
[analogdevicesinc.github.io/no-OS/doxygen/no__os__timer_8h_source.html]
[analogdevicesinc.github.io/no-OS/doxygen/no__os__trng_8h.html]
[analogdevicesinc.github.io/no-OS/doxygen/no__os__trng_8h_source.html]
[analogdevicesinc.github.io/no-OS/doxygen/no__os__uart_8h.html]
[analogdevicesinc.github.io/no-OS/doxygen/no__os__uart_8h_source.html]
[analogdevicesinc.github.io/no-OS/doxygen/no__os__units_8h.html]
[analogdevicesinc.github.io/no-OS/doxygen/no__os__units_8h_source.html]
[analogdevicesinc.github.io/no-OS/doxygen/no__os__util_8h.html]
[analogdevicesinc.github.io/no-OS/doxygen/no__os__util_8h_source.html]
[analogdevicesinc.github.io/no-OS/doxygen/dir_d44c64559bbebec7f509842c48db8b23.html]
[analogdevicesinc.github.io/no-OS/doxygen/dir_0bb79d6a83cfcf0ad99764c4144043fa_dep.png]
[analogdevicesinc.github.io/no-OS/doxygen/dir_000236_000238.html]
[analogdevicesinc.github.io/no-OS/doxygen/dir_045688b7fed61eed2b86e60ca5d289e0.html]
[analogdevicesinc.github.io/no-OS/doxygen/dir_000237_000238.html]
[analogdevicesinc.github.io/no-OS/doxygen/iio_8c.html]
[analogdevicesinc.github.io/no-OS/doxygen/iio_8h.html]
[analogdevicesinc.github.io/no-OS/doxygen/iio_8h_source.html]
[analogdevicesinc.github.io/no-OS/doxygen/iio__trigger_8c.html]
[analogdevicesinc.github.io/no-OS/doxygen/iio__trigger_8h.html]
[analogdevicesinc.github.io/no-OS/doxygen/iio__trigger_8h_source.html]
[analogdevicesinc.github.io/no-OS/doxygen/structiio__trigger.html]
[analogdevicesinc.github.io/no-OS/doxygen/iio__types_8h.html]
[analogdevicesinc.github.io/no-OS/doxygen/iio__types_8h_source.html]
[analogdevicesinc.github.io/no-OS/doxygen/iiod_8c.html]
[analogdevicesinc.github.io/no-OS/doxygen/iiod_8h.html]
[analogdevicesinc.github.io/no-OS/doxygen/iiod_8h_source.html]
[analogdevicesinc.github.io/no-OS/doxygen/iiod__private_8h.html]
[analogdevicesinc.github.io/no-OS/doxygen/iiod__private_8h_source.html]
[analogdevicesinc.github.io/no-OS/doxygen/dir_0bb79d6a83cfcf0ad99764c4144043fa.html]
[analogdevicesinc.github.io/no-OS/doxygen/dir_78634ff25e58b92b5f1618f07281e262.html]
[analogdevicesinc.github.io/no-OS/doxygen/dir_cc7e78ffeebb2234a6039bf0ca1dc02f.html]
[analogdevicesinc.github.io/no-OS/doxygen/dir_399e2a5439176b61d8b5020b0e8ec1c2.html]
[analogdevicesinc.github.io/no-OS/doxygen/dir_c488c1fc8fbf73d33da493102f6bd7a4.html]
[analogdevicesinc.github.io/no-OS/doxygen/dir_083dba8cee437245feadb40657166c6a.html]
[analogdevicesinc.github.io/no-OS/doxygen/dir_1bc40316e8690eea7a600fdbfd0ed7d2.html]
[analogdevicesinc.github.io/no-OS/doxygen/dir_d1d32a2bfd0da789f4336484755978dc.html]
[analogdevicesinc.github.io/no-OS/doxygen/dir_933df3387c27c44357ddb054f64b4305.html]
[analogdevicesinc.github.io/no-OS/doxygen/dir_7bba3ee25f29b4cdb63653d07fa7ac67.html]
[analogdevicesinc.github.io/no-OS/doxygen/dir_c8e85d5e91db72ae82bd9767b81d161e.html]
[analogdevicesinc.github.io/no-OS/doxygen/dir_19e439abb1b987f6f684fc8f5f0100aa.html]
[analogdevicesinc.github.io/no-OS/doxygen/dir_e5f4c55117241f353174a823526a1f5a.html]
[analogdevicesinc.github.io/no-OS/doxygen/dir_6e91452477304dd5c5c204892a5ea3be.html]
[analogdevicesinc.github.io/no-OS/doxygen/dir_5af5355a8c863db412f7fcb00d429d2f.html]
[analogdevicesinc.github.io/no-OS/doxygen/dir_33c2aaa2da9464fe97a8e294cd35442d.html]
[analogdevicesinc.github.io/no-OS/doxygen/dir_a79c5ace4459d99e704c33d1b42d6308.html]
[analogdevicesinc.github.io/no-OS/doxygen/dir_387a07b00c8b758bbbcd45d250212081.html]
[analogdevicesinc.github.io/no-OS/doxygen/dir_439ce977c60d650be51e7b564d4dc13b.html]
[analogdevicesinc.github.io/no-OS/doxygen/dir_088b11f81b296c7a4ca2448c58845881.html]
[analogdevicesinc.github.io/no-OS/doxygen/dir_d39e1d6d0b62b40c72ed76df67a0e876.html]
[analogdevicesinc.github.io/no-OS/doxygen/dir_2355b3e044e758a786acb68ffaef8bec.html]
[analogdevicesinc.github.io/no-OS/doxygen/dir_f52412d4d6de217a519c6bf9098ee69e.html]
[analogdevicesinc.github.io/no-OS/doxygen/dir_9b3438fd60f2f383d683106e3bc0a3f3.html]
[analogdevicesinc.github.io/no-OS/doxygen/dir_814162e5a32f1e930cbce97ec196ade7.html]
[analogdevicesinc.github.io/no-OS/doxygen/dir_f4fb047a6f6afcf318e5c9d2a6d0a455.html]
[analogdevicesinc.github.io/no-OS/doxygen/dir_c8e4947630043c2d47a0f49e2191c6e4.html]
[analogdevicesinc.github.io/no-OS/doxygen/dir_d1004a424239a5091509d0cf440042ba.html]
[analogdevicesinc.github.io/no-OS/doxygen/dir_861779ede10c4f17161af76b50b3282c.html]
[analogdevicesinc.github.io/no-OS/doxygen/dir_2b2ace5620b8ea5beef4418f34850b92.html]
[analogdevicesinc.github.io/no-OS/doxygen/dir_a87f92c20fc026f4b111840c3017a874.html]
[analogdevicesinc.github.io/no-OS/doxygen/dir_3e25e8f22a645d4077b5d0157a491ed1.html]
[analogdevicesinc.github.io/no-OS/doxygen/dir_c073f44069775502716a0cc5c6fecc4b.html]
[analogdevicesinc.github.io/no-OS/doxygen/dir_95da23c860b26a0b07c07ddfff3d94c0.html]
[analogdevicesinc.github.io/no-OS/doxygen/dir_82a6898040d23ce73b8e3226f20d8dae.html]
[analogdevicesinc.github.io/no-OS/doxygen/dir_d022523ea65878f568c8fc84fd6f9506.html]
[analogdevicesinc.github.io/no-OS/doxygen/dir_d4c956d43c76f27b1a65450c9f7a41ab.html]
[analogdevicesinc.github.io/no-OS/doxygen/dir_757ba6b8dfa0032cbb01f129ccff19fa.html]
[analogdevicesinc.github.io/no-OS/doxygen/dir_6846ec96100544b80be9d25cc3018bbc.html]
[analogdevicesinc.github.io/no-OS/doxygen/dir_3228b1c761c899e629b28cf6b4148a29.html]
[analogdevicesinc.github.io/no-OS/doxygen/dir_c33b169ef39280dd0f6597af682af335.html]
[analogdevicesinc.github.io/no-OS/doxygen/dir_bcbfd1d4efed734b4f50962c9e6f481d.html]
[analogdevicesinc.github.io/no-OS/doxygen/dir_39ba4fe41d4f72e8a109aaec329f0c46.html]
[analogdevicesinc.github.io/no-OS/doxygen/dir_de11fe71b311e4a8f994dc9888641cda.html]
[analogdevicesinc.github.io/no-OS/doxygen/dir_163cca6fa8a1560f29ef3e3a79fc4a11.html]
[analogdevicesinc.github.io/no-OS/doxygen/dir_35e8fd9315587fefa5cfcbbeb0cd4b05.html]
[analogdevicesinc.github.io/no-OS/doxygen/dir_b581570daba59bcc1cdd9b11b8ad92b4.html]
[analogdevicesinc.github.io/no-OS/doxygen/dir_2eb53a849c4f711ee940a47b583bfce6.html]
[analogdevicesinc.github.io/no-OS/doxygen/dir_11800b1b1f7ef4c4a5294bd20d7db906.html]
[analogdevicesinc.github.io/no-OS/doxygen/dir_e5d588137c30e57c246d8ed8cd76e130.html]
[analogdevicesinc.github.io/no-OS/doxygen/dir_000dca1c5ea0ad0742766fa425d8e342.html]
[analogdevicesinc.github.io/no-OS/doxygen/dir_926ddf01e857c9b271aa7f3bf5beacb7.html]
[analogdevicesinc.github.io/no-OS/doxygen/dir_c3e3182afa6e3317f2921f3f1bb36b7b.html]
[analogdevicesinc.github.io/no-OS/doxygen/dir_2a4cdcd0bff24615ff39310ce4445d46.html]
[analogdevicesinc.github.io/no-OS/doxygen/dir_b94126ddb5ac207694ba8c9243becaff.html]
[analogdevicesinc.github.io/no-OS/doxygen/dir_a544bc64c505d72e7b0114e021dcf721.html]
[analogdevicesinc.github.io/no-OS/doxygen/dir_fe1f95a1fe084ed9e009711a1296f9dd.html]
[analogdevicesinc.github.io/no-OS/doxygen/dir_aa577ad46a7e19fba00f09ae0610f4c0.html]
[analogdevicesinc.github.io/no-OS/doxygen/dir_d33fae9a7617898e3728244b82eca88d.html]
[analogdevicesinc.github.io/no-OS/doxygen/dir_49ce178dd54136a3b936b692e3472a1d.html]
[analogdevicesinc.github.io/no-OS/doxygen/dir_c1f047a5e1e4369ce9115bdfb6c4bba6.html]
[analogdevicesinc.github.io/no-OS/doxygen/dir_b4b18d3576ac60f7c2e404997c939a11.html]
[analogdevicesinc.github.io/no-OS/doxygen/dir_f000d852853cd02aa31087191c981f97.html]
[analogdevicesinc.github.io/no-OS/doxygen/dir_62c7dc6029000c3ccb6271ca4ad55c38.html]
[analogdevicesinc.github.io/no-OS/doxygen/dir_1b35e70d361015c61856c3458bdba37c.html]
[analogdevicesinc.github.io/no-OS/doxygen/dir_67674b3444278590977702ae33b0a938.html]
[analogdevicesinc.github.io/no-OS/doxygen/dir_31317ffae020a4525db81b328fa5ac3a.html]
[analogdevicesinc.github.io/no-OS/doxygen/dir_ff13f743faa08130b1948352d67ebed0.html]
[analogdevicesinc.github.io/no-OS/doxygen/dir_293564e8b584f13d903a6a4c3132f281.html]
[analogdevicesinc.github.io/no-OS/doxygen/dir_f7342b54654ed3a2dda4161e5a9c6d5b.html]
[analogdevicesinc.github.io/no-OS/doxygen/dir_770ec7d39862d0ac71f95b1da9516395.html]
[analogdevicesinc.github.io/no-OS/doxygen/dir_2260172aa251173791abb4eabbf338ee.html]
[analogdevicesinc.github.io/no-OS/doxygen/dir_9bcf5113779b7f1a31abae76117b06bb.html]
[analogdevicesinc.github.io/no-OS/doxygen/dir_f060a0c703bb28a4bf7cfe3f07cf4cf9.html]
[analogdevicesinc.github.io/no-OS/doxygen/dir_0f8823d65e07e3f248827369afb98ec9.html]
[analogdevicesinc.github.io/no-OS/doxygen/dir_fb5a6243b7d1a8458b8ac1552a0e4827.html]
[analogdevicesinc.github.io/no-OS/doxygen/dir_c3ae8ad551b5c9b23fcfcb59e7b543a1.html]
[analogdevicesinc.github.io/no-OS/doxygen/dir_bb643147f431ea4cfa357de41c6e8629.html]
[analogdevicesinc.github.io/no-OS/doxygen/dir_b0603f2905d6a904de533c49dbd113e9.html]
[analogdevicesinc.github.io/no-OS/doxygen/dir_2ef46727f9f00239f334f3c961ff3e18.html]
[analogdevicesinc.github.io/no-OS/doxygen/dir_a0b4790ee88402dcd3d4c461ac8c9d2a.html]
[analogdevicesinc.github.io/no-OS/doxygen/dir_c256199e6f83844ac97b359bf12a3571.html]
[analogdevicesinc.github.io/no-OS/doxygen/dir_12761f117f552a1226b0a98ec09eb89c.html]
[analogdevicesinc.github.io/no-OS/doxygen/dir_34852b2b0cfdf38dfbfae9450acf542b.html]
[analogdevicesinc.github.io/no-OS/doxygen/dir_ecc4a14f3731eedecfc35209a305fe58.html]
[analogdevicesinc.github.io/no-OS/doxygen/dir_c61975be4dd2693b92ba23ac9294bb74.html]
[analogdevicesinc.github.io/no-OS/doxygen/dir_e5711a62e786b6ea4d4d63f9aa88c959.html]
[analogdevicesinc.github.io/no-OS/doxygen/dir_a366354de5a09959c7a466e2de9378f8.html]
[analogdevicesinc.github.io/no-OS/doxygen/dir_940cf7733fef4cb1338773b6ea17dced.html]
[analogdevicesinc.github.io/no-OS/doxygen/dir_6cf6d491d9e43ed75544c08a924eb408.html]
[analogdevicesinc.github.io/no-OS/doxygen/dir_89fed82611acf5fc52cc7714c1a48953.html]
[analogdevicesinc.github.io/no-OS/doxygen/dir_40b590062b1bf0af6ce3699658e052b7.html]
[analogdevicesinc.github.io/no-OS/doxygen/dir_951adffa43c71ee3f0ba1048f45657e0.html]
[analogdevicesinc.github.io/no-OS/doxygen/dir_de58dfb1d9590ff90f2c52ab2fc80a52.html]
[analogdevicesinc.github.io/no-OS/doxygen/dir_a213c748fa9f7ffc329554ee8389ff86.html]
[analogdevicesinc.github.io/no-OS/doxygen/dir_4904a98c1b8e52ff0d543c7bc9cd32ee.html]
[analogdevicesinc.github.io/no-OS/doxygen/dir_2ea1c9eda349198dd7a65397987c6a66.html]
[analogdevicesinc.github.io/no-OS/doxygen/dir_f111704df305435ac3607b52576bb19d.html]
[analogdevicesinc.github.io/no-OS/doxygen/dir_12a6b46483f43d37c631ca6291e7f214.html]
[analogdevicesinc.github.io/no-OS/doxygen/dir_efa8649ae4b2cee312f15c0e90c397f7.html]
[analogdevicesinc.github.io/no-OS/doxygen/dir_48ab16b6eb5e4074d27ffa02ec9f0464.html]
[analogdevicesinc.github.io/no-OS/doxygen/dir_090048f201553821eda5983e07d87356.html]
[analogdevicesinc.github.io/no-OS/doxygen/dir_b5cabd81cedafa7c15cb6dc141ea6c59.html]
[analogdevicesinc.github.io/no-OS/doxygen/dir_60dae4b3eebd7f16934628baacee60c1.html]
[analogdevicesinc.github.io/no-OS/doxygen/dir_48854195a0d456eed7693e6348f42881.html]
[analogdevicesinc.github.io/no-OS/doxygen/dir_1fd396b87da52eb8bb68637958eef173.html]
[analogdevicesinc.github.io/no-OS/doxygen/dir_25bcb166de3342d9dd622f611c2e278c.html]
[analogdevicesinc.github.io/no-OS/doxygen/dir_fbe7979a5f2e8fd671862500ab6d54c2.html]
[analogdevicesinc.github.io/no-OS/doxygen/dir_7721e379a67e49f1dbad0139d33fdc5c.html]
[analogdevicesinc.github.io/no-OS/doxygen/dir_de0bf29c6526fb5e42167b34d3806b5c.html]
[analogdevicesinc.github.io/no-OS/doxygen/dir_23d08b85d872f4b26fa6d7ee6834b1cf.html]
[analogdevicesinc.github.io/no-OS/doxygen/dir_41edc07063a799fecff8c2410f37b063.html]
[analogdevicesinc.github.io/no-OS/doxygen/dir_418234a11181ef8765b4596475f1963a.html]
[analogdevicesinc.github.io/no-OS/doxygen/dir_5db4921c3fb944a47aa48c1d0a144b19.html]
[analogdevicesinc.github.io/no-OS/doxygen/dir_d5e6685c9dbaadfba57fe6fca145a91d.html]
[analogdevicesinc.github.io/no-OS/doxygen/dir_36b02838c38ea3008ebee5e9e1aef644.html]
[analogdevicesinc.github.io/no-OS/doxygen/dir_e22e9f5f2a1eebef6733550fc09cbe7c.html]
[analogdevicesinc.github.io/no-OS/doxygen/dir_a14d35a4cba73b724bda369e596eb510.html]
[analogdevicesinc.github.io/no-OS/doxygen/dir_28f2389090e388475ca29de69a35db1e.html]
[analogdevicesinc.github.io/no-OS/doxygen/dir_08f05152f12db160117737eb7b702b38.html]
[analogdevicesinc.github.io/no-OS/doxygen/dir_1ef1f097d715ccb5570ee49db479e77f.html]
[analogdevicesinc.github.io/no-OS/doxygen/dir_e9e475af72a99764a4cc4272bdeae6a0.html]
[analogdevicesinc.github.io/no-OS/doxygen/dir_28276bf29cdbcb9b83c819bd7841f5ac.html]
[analogdevicesinc.github.io/no-OS/doxygen/dir_4b1914dc854d1c304bcb758e0a6d5278.html]
[analogdevicesinc.github.io/no-OS/doxygen/dir_26e20c04aa60813ed450b39d710e74fe.html]
[analogdevicesinc.github.io/no-OS/doxygen/dir_7e4630e7b180c61e2a0f0e3e6a50c4f3.html]
[analogdevicesinc.github.io/no-OS/doxygen/dir_4266e7710ee9b94ab56a68155bf07107.html]
[analogdevicesinc.github.io/no-OS/doxygen/dir_105f9adac033b9d4b7f118e4520d3b63.html]
[analogdevicesinc.github.io/no-OS/doxygen/dir_d763b762a39fe946add47a38540e872e.html]
[analogdevicesinc.github.io/no-OS/doxygen/dir_55b675dc8da6391c0cb0e3d07f11e925.html]
[analogdevicesinc.github.io/no-OS/doxygen/dir_a7e557ffd81cb25b55d614a49c296547.html]
[analogdevicesinc.github.io/no-OS/doxygen/dir_2d6349bd81280aa64484dee8fa776aa8.html]
[analogdevicesinc.github.io/no-OS/doxygen/dir_36b28f17dfbca5aa507c07a98e844f6c.html]
[analogdevicesinc.github.io/no-OS/doxygen/dir_765e2cbc0e7636724d6235f95e3f02f1.html]
[analogdevicesinc.github.io/no-OS/doxygen/dir_2fc48762dae8ae14d59da9ed2865a3ba.html]
[analogdevicesinc.github.io/no-OS/doxygen/dir_6eee536888406bbe4f9f7327afa104ff.html]
[analogdevicesinc.github.io/no-OS/doxygen/dir_3803b9dde93d68cc0905c98081652c4d.html]
[analogdevicesinc.github.io/no-OS/doxygen/dir_b1d47cc05fc79d50ac3a2723ab02e4d4.html]
[analogdevicesinc.github.io/no-OS/doxygen/dir_413156a487781955a0a4caceb97dff71.html]
[analogdevicesinc.github.io/no-OS/doxygen/dir_87220615821c0e909d07ac95a2673e31.html]
[analogdevicesinc.github.io/no-OS/doxygen/dir_ed2244795db1228a8dd895215df51b71.html]
[analogdevicesinc.github.io/no-OS/doxygen/dir_c9bd789f02f541dbc515ac531de5f785.html]
[analogdevicesinc.github.io/no-OS/doxygen/dir_cccc9448bfebe2f8cddf72db3368e613.html]
[analogdevicesinc.github.io/no-OS/doxygen/dir_897398dd56e2f9b4a1659ae231a4e5d8.html]
[analogdevicesinc.github.io/no-OS/doxygen/dir_ac3deaa741ce583039df702d03d673ff.html]
[analogdevicesinc.github.io/no-OS/doxygen/dir_6f1aa14f78130e92d95a161538c7ce0f.html]
[analogdevicesinc.github.io/no-OS/doxygen/dir_cc74e369b05b794bf3194672b52f6b8f.html]
[analogdevicesinc.github.io/no-OS/doxygen/dir_b911793d369b88e1f229828f364bc0d3.html]
[analogdevicesinc.github.io/no-OS/doxygen/dir_5537b8371b60a527786d7269be7763d5.html]
[analogdevicesinc.github.io/no-OS/doxygen/dir_b8e8f8e0d4444e5d3089bbe95e9f6d6a.html]
[analogdevicesinc.github.io/no-OS/doxygen/dir_25c512781a724b3d4ce93959610acffe.html]
[analogdevicesinc.github.io/no-OS/doxygen/dir_75733106c77e08a47153c295292fc58e.html]
[analogdevicesinc.github.io/no-OS/doxygen/dir_0ae676e87a0dbb1a4743e6cd33f4a7a7.html]
[analogdevicesinc.github.io/no-OS/doxygen/dir_a013653facc10bc44dccc8ae566e22e4.html]
[analogdevicesinc.github.io/no-OS/doxygen/dir_19a7e2fb042922fa75a281eefbb7a02a.html]
[analogdevicesinc.github.io/no-OS/doxygen/dir_33df6b6a98ac2cf98a99d4cd9bc23d89.html]
[analogdevicesinc.github.io/no-OS/doxygen/dir_05506eb3a9f632991c1e37ae03347b32.html]
[analogdevicesinc.github.io/no-OS/doxygen/dir_3d6ca3fb4d19696a07ddd3baa647c5fd.html]
[analogdevicesinc.github.io/no-OS/doxygen/dir_d2978f006c706e2a0b14af72fbbcec25.html]
[analogdevicesinc.github.io/no-OS/doxygen/dir_48d6b6364e6b4be46aaf3267480e6169.html]
[analogdevicesinc.github.io/no-OS/doxygen/dir_71100023361704796b90f142b5c96730.html]
[analogdevicesinc.github.io/no-OS/doxygen/dir_d48df8048749553b33f54529a54c55cb.html]
[analogdevicesinc.github.io/no-OS/doxygen/dir_6787bb17f0a8956df0cac710764aa7be.html]
[analogdevicesinc.github.io/no-OS/doxygen/dir_e0c6af1ef83b7c365373f0310675c3a1.html]
[analogdevicesinc.github.io/no-OS/doxygen/dir_019850bbbf36ee3ed674bd7a8a4ce22f.html]
[analogdevicesinc.github.io/no-OS/doxygen/dir_75f7a620584bf729428a1ed507b7152e.html]
[analogdevicesinc.github.io/no-OS/doxygen/dir_a2f93eae5f103c672fff1d2fc07913eb.html]
[analogdevicesinc.github.io/no-OS/doxygen/dir_c89b67939678b99406bbdd8f060c5c31.html]
[analogdevicesinc.github.io/no-OS/doxygen/dir_55f7a20e1e3b458b2e8e952602282323.html]
[analogdevicesinc.github.io/no-OS/doxygen/dir_be871d74a68cf921c23d128d3be44000.html]
[analogdevicesinc.github.io/no-OS/doxygen/dir_4ed417a91f9ccc543343a95aa671159a.html]
[analogdevicesinc.github.io/no-OS/doxygen/dir_3e14040dbe29f5bfc0562555b33e4be5.html]
[analogdevicesinc.github.io/no-OS/doxygen/dir_800530c666b44857813facfa99e43e62.html]
[analogdevicesinc.github.io/no-OS/doxygen/dir_7bc14fc790c2283c57c90760d7462e45.html]
[analogdevicesinc.github.io/no-OS/doxygen/dir_9b2caac4e4dc4b19998e5fb877e5b175.html]
[analogdevicesinc.github.io/no-OS/doxygen/dir_983c00b2d44e13a46e6211602642f9e5.html]
[analogdevicesinc.github.io/no-OS/doxygen/dir_1c9e6a481093ab5b04d3237e59c733c6.html]
[analogdevicesinc.github.io/no-OS/doxygen/dir_d05b23a76cbe17f522f18a0d27ed91e3.html]
[analogdevicesinc.github.io/no-OS/doxygen/dir_0a55f5ef242c8bf31c9720ba5b734af7.html]
[analogdevicesinc.github.io/no-OS/doxygen/dir_3cc6e73161187191794db3a049203490.html]
[analogdevicesinc.github.io/no-OS/doxygen/dir_97cf3b3175a8b2347d4fce76a9d8eda4.html]
[analogdevicesinc.github.io/no-OS/doxygen/drivers_page.html]
[analogdevicesinc.github.io/no-OS/doxygen/dir_fb34397e0d34ed10b81e1fa32d46de53.html]
[analogdevicesinc.github.io/no-OS/doxygen/dir_97ca9c88d29b4a484760c767ea64e5e9.html]
[analogdevicesinc.github.io/no-OS/doxygen/dir_e8be5e1817392740fa591328745691ec.html]
[analogdevicesinc.github.io/no-OS/doxygen/dir_bc5888822bd79db4d91f877205f509a8.html]
[analogdevicesinc.github.io/no-OS/doxygen/dir_177a2657a1a20f86bc55adfdac46e704.html]
[analogdevicesinc.github.io/no-OS/doxygen/dir_331ca25b11c1b39996c66e427cec9548.html]
[analogdevicesinc.github.io/no-OS/doxygen/dir_9dec1d85affb9c2fbff548a27b73f594.html]
[analogdevicesinc.github.io/no-OS/doxygen/dir_7bf5166ab08f22a3cea8edbdaca72206.html]
[analogdevicesinc.github.io/no-OS/doxygen/dir_9fa5595d052aae29c0b5f5dfcac26cb6.html]
[analogdevicesinc.github.io/no-OS/doxygen/dir_58072225bda2fe5ba1147ed713bee31a.html]
[analogdevicesinc.github.io/no-OS/doxygen/dir_0b543338d3e7e38f3db4d4f748b9fbb2.html]
[analogdevicesinc.github.io/no-OS/doxygen/dir_82aca37a807434d8e7fc1308ea3769da.html]
[analogdevicesinc.github.io/no-OS/doxygen/dir_804b7c8d2dd1ca20c34041b1f522c19a.html]
[analogdevicesinc.github.io/no-OS/doxygen/dir_f5bcc475cea93567f76d813fba2b5add.html]
[analogdevicesinc.github.io/no-OS/doxygen/dir_efb4a3571e41b96b51cbd7c3c4e0f196.html]
[analogdevicesinc.github.io/no-OS/doxygen/dir_960973b0fa299ab5b0017adc72981cbd.html]
[analogdevicesinc.github.io/no-OS/doxygen/dir_c00fb37e47ce71aa237d95d5eb694a48.html]
[analogdevicesinc.github.io/no-OS/doxygen/dir_85a73f16dbd610096c4d808d99769a12.html]
[analogdevicesinc.github.io/no-OS/doxygen/dir_749ed0c3db1e75d4c7ba61f6a53d4d1a.html]
[analogdevicesinc.github.io/no-OS/doxygen/dir_8a634874e0c82ccfb7eec2c1b3f9d653.html]
[analogdevicesinc.github.io/no-OS/doxygen/dir_087636409d7e30290b840f1fda733f8b.html]
[analogdevicesinc.github.io/no-OS/doxygen/dir_9c99ae70a66b6adba8c8ecf37847d16d.html]
[analogdevicesinc.github.io/no-OS/doxygen/dir_8033f1e2890f29d1bfaaba3138329b0b.html]
[analogdevicesinc.github.io/no-OS/doxygen/dir_6f3279fa519b3daddef021d768d14baf.html]
[analogdevicesinc.github.io/no-OS/doxygen/dir_c4168020857709f25398bb68c31bd74c.html]
[analogdevicesinc.github.io/no-OS/doxygen/dir_53fb5caa6a68ac5a8db96ae5031c30fe.html]
[analogdevicesinc.github.io/no-OS/doxygen/dir_460df101d0e685580aaf2b5651cae498.html]
[analogdevicesinc.github.io/no-OS/doxygen/dir_f29e957ef074b410d6050a6bf9f9e162.html]
[analogdevicesinc.github.io/no-OS/doxygen/dir_37efa587e1fe29894c2a65b6662a8a1b.html]
[analogdevicesinc.github.io/no-OS/doxygen/dir_aa8b1da4a8f7a2bee677df38e9c24e7a.html]
[analogdevicesinc.github.io/no-OS/doxygen/dir_5c0fd45172da1472d9184d3ff95c3be3.html]
[analogdevicesinc.github.io/no-OS/doxygen/dir_a50bd96bc9033c9ce2735702e216d53d.html]
[analogdevicesinc.github.io/no-OS/doxygen/dir_513b1c0ce0e3b55e783caa9903d018df.html]
[analogdevicesinc.github.io/no-OS/doxygen/dir_2fa9d32da60060caebcdaaac44ff3bc7.html]
[analogdevicesinc.github.io/no-OS/doxygen/dir_7d1b33b5d28b6d11d11dbf97ec83ddf6.html]
[analogdevicesinc.github.io/no-OS/doxygen/dir_7a9df18d15864af4f070f94bcf08a7df.html]
[analogdevicesinc.github.io/no-OS/doxygen/dir_ce85011cb3d66997e6c5f769d2e776aa.html]
[analogdevicesinc.github.io/no-OS/doxygen/dir_3af93cc3f572e969fad9be4c913fc4fe.html]
[analogdevicesinc.github.io/no-OS/doxygen/dir_d6da4a1bf4256a88b2e9bbb70b4ec720.html]
[analogdevicesinc.github.io/no-OS/doxygen/dir_e7630fc365030166a88506e6712610d5.html]
[analogdevicesinc.github.io/no-OS/doxygen/dir_3ab0a7db7a7a49eed08fb2418ab78a9d.html]
[analogdevicesinc.github.io/no-OS/doxygen/dir_182c6586ec79448f1797ef9f8c82c57d.html]
[analogdevicesinc.github.io/no-OS/doxygen/dir_4a8ca4695788cb670a10ad91f4f6d6f3.html]
[analogdevicesinc.github.io/no-OS/doxygen/dir_5a74baf231ec7b2d08e3effc89cd6f60.html]
[analogdevicesinc.github.io/no-OS/doxygen/dir_5993f69a7983f23eac09243b194646fc.html]
[analogdevicesinc.github.io/no-OS/doxygen/dir_6a5cb97f3d4ff2c3ed3d54b8b729fd93.html]
[analogdevicesinc.github.io/no-OS/doxygen/dir_f3ccd8dc551bad6960bade4179fd7768.html]
[analogdevicesinc.github.io/no-OS/doxygen/dir_7909b31e02b7d81d567745e3b9e19b43.html]
[analogdevicesinc.github.io/no-OS/doxygen/dir_128d29588fc0a22b10448961685f3634.html]
[analogdevicesinc.github.io/no-OS/doxygen/dir_a2e0e15bbbe498f45e0739d86107ecc5.html]
[analogdevicesinc.github.io/no-OS/doxygen/dir_e1c36cd2c5a68f615f5ccf8520701ae9.html]
[analogdevicesinc.github.io/no-OS/doxygen/dir_482371f319b91a60cc1a7bc8e2e439eb.html]
[analogdevicesinc.github.io/no-OS/doxygen/dir_0dcaefa4c91d120f21c34efb96012b9e.html]
[analogdevicesinc.github.io/no-OS/doxygen/dir_4d42fc52f39a5a81b4a8a6e2d2c31a0e.html]
[analogdevicesinc.github.io/no-OS/doxygen/dir_459f777f2727bb57792d5eafffecc322.html]
[analogdevicesinc.github.io/no-OS/doxygen/dir_0224ab72769b6758da03f88182a728e5.html]
[analogdevicesinc.github.io/no-OS/doxygen/dir_732e9b5da7a29e63eb99d33fd6bb798c.html]
[analogdevicesinc.github.io/no-OS/doxygen/dir_7d7d10ff1f98e14416390c3f54637f17.html]
[analogdevicesinc.github.io/no-OS/doxygen/dir_393230f5703d4cea968139de6b2d7bda.html]
[analogdevicesinc.github.io/no-OS/doxygen/dir_d2746c711ce1ee8ed5ff0f4d2efd3b4f.html]
[analogdevicesinc.github.io/no-OS/doxygen/dir_d0924975bcc02695b5b610b8fdc948f4.html]
[analogdevicesinc.github.io/no-OS/doxygen/dir_caa4620b537f96a13f6e9ce248502356.html]
[analogdevicesinc.github.io/no-OS/doxygen/dir_0a6082804338804dba9a6f13a1cf416e.html]
[analogdevicesinc.github.io/no-OS/doxygen/dir_249854d7b7fa8a87fd91576bdf8c89f2.html]
[analogdevicesinc.github.io/no-OS/doxygen/dir_500c22fedd3e17f32e246114098be176.html]
[analogdevicesinc.github.io/no-OS/doxygen/dir_abd9bc005cb1a888939656a3159918e4.html]
[analogdevicesinc.github.io/no-OS/doxygen/dir_67051097ac315a441d2c5aab074f7aa9.html]
[analogdevicesinc.github.io/no-OS/doxygen/dir_4b87c90235b289aadd6cb01a1beaed12.html]
[analogdevicesinc.github.io/no-OS/doxygen/dir_32ced662e16aacf80a283f9b59e47ae7.html]
[analogdevicesinc.github.io/no-OS/doxygen/dir_dd54dbff5fa37a4c9be8d21dd92a4ac3.html]
[analogdevicesinc.github.io/no-OS/doxygen/dir_455c9c2cf30d0843f3b1794329d51f4d.html]
[analogdevicesinc.github.io/no-OS/doxygen/dir_040017bcf9c54839a5b3c2ef02522f50.html]
[analogdevicesinc.github.io/no-OS/doxygen/dir_f91b0aec9ac29a50a78d3a9dfee6b981.html]
[analogdevicesinc.github.io/no-OS/doxygen/dir_219101b2490364e0de65aeba0df1b4da.html]
[analogdevicesinc.github.io/no-OS/doxygen/dir_cb4cbd266e465ead1e68768e81006038.html]
[analogdevicesinc.github.io/no-OS/doxygen/dir_836ef167ad1223f0f55ad5917a426e9e.html]
[analogdevicesinc.github.io/no-OS/doxygen/dir_b6a88b75e23e88b6f8636b76805e7d51.html]
[analogdevicesinc.github.io/no-OS/doxygen/dir_589f4e7baad3ed172c781fa2fec2338c.html]
[analogdevicesinc.github.io/no-OS/doxygen/dir_f74019ef3c82717936e494a0b3ba9d51.html]
[analogdevicesinc.github.io/no-OS/doxygen/dir_1d1c2e76d3e52ef221301d42865c2111.html]
[analogdevicesinc.github.io/no-OS/doxygen/dir_0a45d9719c3ba96e5959e45f35ceb29b.html]
[analogdevicesinc.github.io/no-OS/doxygen/dir_79bfd3cee89afe63a4973c7e3562b1df.html]
[analogdevicesinc.github.io/no-OS/doxygen/dir_aa2a341890a282774123b59ba4c4511b.html]
[analogdevicesinc.github.io/no-OS/doxygen/dir_8f1ded68b3e34b992d15c26a04b7ad20.html]
[analogdevicesinc.github.io/no-OS/doxygen/dir_8cdd6c5c5e27e391e70f6c6e64ab9c66.html]
[analogdevicesinc.github.io/no-OS/doxygen/dir_d43f24855d61ff2de7cac6984ca7e959.html]
[analogdevicesinc.github.io/no-OS/doxygen/dir_d21170147e2ec72c93c37f039073c0bf.html]
[analogdevicesinc.github.io/no-OS/doxygen/dir_c805713a1d8d04d9aff4e8b3834c94ba.html]
[analogdevicesinc.github.io/no-OS/doxygen/dir_b0418e9d6b9dc070f2d646ae1a0a2609.html]
[analogdevicesinc.github.io/no-OS/doxygen/dir_d1d8aad6071f06ca5e5e11ebb5613644.html]
[analogdevicesinc.github.io/no-OS/doxygen/dir_afdca2c3d5189d45a7552acf00d4475e.html]
[analogdevicesinc.github.io/no-OS/doxygen/dir_72b094e2afc10e6a21d3e351e17920fd.html]
[analogdevicesinc.github.io/no-OS/doxygen/dir_f8cb9c4954185fa7f4208ccaea398316.html]
[analogdevicesinc.github.io/no-OS/doxygen/dir_d5551e249180c83bd40726f90ca74e67.html]
[analogdevicesinc.github.io/no-OS/doxygen/dir_9b094f8e435418226246969a738e546e.html]
[analogdevicesinc.github.io/no-OS/doxygen/dir_4e3706a14d2d8c012348f03a9654b027.html]
[analogdevicesinc.github.io/no-OS/doxygen/dir_ac9fee3864cc4c0ab7a7b0537894e361.html]
[analogdevicesinc.github.io/no-OS/doxygen/projects_page.html]
[analogdevicesinc.github.io/no-OS/doxygen/dir_14bc92f4b96c8519b376567118ac28b3.html]
[analogdevicesinc.github.io/no-OS/doxygen/dir_000238_000002.html]
[analogdevicesinc.github.io/no-OS/doxygen/jesd204_8h.html]
[analogdevicesinc.github.io/no-OS/doxygen/jesd204_8h_source.html]
[analogdevicesinc.github.io/no-OS/doxygen/no__os__ain_8h.html]
[analogdevicesinc.github.io/no-OS/doxygen/no__os__ain_8h_source.html]
[analogdevicesinc.github.io/no-OS/doxygen/no__os__alloc_8h.html]
[analogdevicesinc.github.io/no-OS/doxygen/no__os__alloc_8h_source.html]
[analogdevicesinc.github.io/no-OS/doxygen/no__os__aout_8h.html]
[analogdevicesinc.github.io/no-OS/doxygen/no__os__aout_8h_source.html]
[analogdevicesinc.github.io/no-OS/doxygen/no__os__axi__io_8h.html]
[analogdevicesinc.github.io/no-OS/doxygen/no__os__axi__io_8h_source.html]
[analogdevicesinc.github.io/no-OS/doxygen/no__os__circular__buffer_8h.html]
[analogdevicesinc.github.io/no-OS/doxygen/no__os__circular__buffer_8h_source.html]
[analogdevicesinc.github.io/no-OS/doxygen/no__os__clk_8h.html]
[analogdevicesinc.github.io/no-OS/doxygen/no__os__clk_8h_source.html]
[analogdevicesinc.github.io/no-OS/doxygen/no__os__crc_8h.html]
[analogdevicesinc.github.io/no-OS/doxygen/no__os__crc_8h_source.html]
[analogdevicesinc.github.io/no-OS/doxygen/no__os__crc16_8h.html]
[analogdevicesinc.github.io/no-OS/doxygen/no__os__crc16_8h_source.html]
[analogdevicesinc.github.io/no-OS/doxygen/no__os__crc24_8h.html]
[analogdevicesinc.github.io/no-OS/doxygen/no__os__crc24_8h_source.html]
[analogdevicesinc.github.io/no-OS/doxygen/no__os__crc8_8h.html]
[analogdevicesinc.github.io/no-OS/doxygen/no__os__crc8_8h_source.html]
[analogdevicesinc.github.io/no-OS/doxygen/no__os__delay_8h.html]
[analogdevicesinc.github.io/no-OS/doxygen/no__os__delay_8h_source.html]
[analogdevicesinc.github.io/no-OS/doxygen/no__os__dma_8h.html]
[analogdevicesinc.github.io/no-OS/doxygen/no__os__dma_8h_source.html]
[analogdevicesinc.github.io/no-OS/doxygen/no__os__eeprom_8h.html]
[analogdevicesinc.github.io/no-OS/doxygen/no__os__eeprom_8h_source.html]
[analogdevicesinc.github.io/no-OS/doxygen/no__os__error_8h.html]
[analogdevicesinc.github.io/no-OS/doxygen/no__os__error_8h_source.html]
[analogdevicesinc.github.io/no-OS/doxygen/no__os__fifo_8h.html]
[analogdevicesinc.github.io/no-OS/doxygen/no__os__fifo_8h_source.html]
[analogdevicesinc.github.io/no-OS/doxygen/no__os__flash_8h.html]
[analogdevicesinc.github.io/no-OS/doxygen/no__os__flash_8h_source.html]
[analogdevicesinc.github.io/no-OS/doxygen/no__os__gpio_8h.html]
[analogdevicesinc.github.io/no-OS/doxygen/no__os__gpio_8h_source.html]
[analogdevicesinc.github.io/no-OS/doxygen/no__os__i2c_8h.html]
[analogdevicesinc.github.io/no-OS/doxygen/no__os__i2c_8h_source.html]
[analogdevicesinc.github.io/no-OS/doxygen/no__os__init_8h.html]
[analogdevicesinc.github.io/no-OS/doxygen/no__os__init_8h_source.html]
[analogdevicesinc.github.io/no-OS/doxygen/no__os__irq_8h.html]
[analogdevicesinc.github.io/no-OS/doxygen/no__os__irq_8h_source.html]
[analogdevicesinc.github.io/no-OS/doxygen/no__os__lf256fifo_8h.html]
[analogdevicesinc.github.io/no-OS/doxygen/no__os__lf256fifo_8h_source.html]
[analogdevicesinc.github.io/no-OS/doxygen/no__os__list_8h.html]
[analogdevicesinc.github.io/no-OS/doxygen/no__os__list_8h_source.html]
[analogdevicesinc.github.io/no-OS/doxygen/no__os__mdio_8h.html]
[analogdevicesinc.github.io/no-OS/doxygen/no__os__mdio_8h_source.html]
[analogdevicesinc.github.io/no-OS/doxygen/no__os__mutex_8h.html]
[analogdevicesinc.github.io/no-OS/doxygen/no__os__mutex_8h_source.html]
[analogdevicesinc.github.io/no-OS/doxygen/no__os__pid_8h.html]
[analogdevicesinc.github.io/no-OS/doxygen/no__os__pid_8h_source.html]
[analogdevicesinc.github.io/no-OS/doxygen/no__os__print__log_8h.html]
[analogdevicesinc.github.io/no-OS/doxygen/no__os__print__log_8h_source.html]
[analogdevicesinc.github.io/no-OS/doxygen/no__os__pwm_8h.html]
[analogdevicesinc.github.io/no-OS/doxygen/no__os__pwm_8h_source.html]
[analogdevicesinc.github.io/no-OS/doxygen/no__os__rtc_8h.html]
[analogdevicesinc.github.io/no-OS/doxygen/no__os__rtc_8h_source.html]
[analogdevicesinc.github.io/no-OS/doxygen/no__os__semaphore_8h.html]
[analogdevicesinc.github.io/no-OS/doxygen/no__os__semaphore_8h_source.html]
[analogdevicesinc.github.io/no-OS/doxygen/no__os__spi_8h.html]
[analogdevicesinc.github.io/no-OS/doxygen/no__os__spi_8h_source.html]
[analogdevicesinc.github.io/no-OS/doxygen/no__os__tdm_8h.html]
[analogdevicesinc.github.io/no-OS/doxygen/no__os__tdm_8h_source.html]
[analogdevicesinc.github.io/no-OS/doxygen/no__os__timer_8h.html]
[analogdevicesinc.github.io/no-OS/doxygen/no__os__timer_8h_source.html]
[analogdevicesinc.github.io/no-OS/doxygen/no__os__trng_8h.html]
[analogdevicesinc.github.io/no-OS/doxygen/no__os__trng_8h_source.html]
[analogdevicesinc.github.io/no-OS/doxygen/no__os__uart_8h.html]
[analogdevicesinc.github.io/no-OS/doxygen/no__os__uart_8h_source.html]
[analogdevicesinc.github.io/no-OS/doxygen/no__os__units_8h.html]
[analogdevicesinc.github.io/no-OS/doxygen/no__os__units_8h_source.html]
[analogdevicesinc.github.io/no-OS/doxygen/no__os__util_8h.html]
[analogdevicesinc.github.io/no-OS/doxygen/no__os__util_8h_source.html]
[analogdevicesinc.github.io/no-OS/doxygen/dir_000236_000238.html]
[analogdevicesinc.github.io/no-OS/doxygen/dir_045688b7fed61eed2b86e60ca5d289e0.html]
[analogdevicesinc.github.io/no-OS/doxygen/dir_000237_000238.html]
[analogdevicesinc.github.io/no-OS/doxygen/iio_8c.html]
[analogdevicesinc.github.io/no-OS/doxygen/iio_8h.html]
[analogdevicesinc.github.io/no-OS/doxygen/iio_8h_source.html]
[analogdevicesinc.github.io/no-OS/doxygen/iio__trigger_8c.html]
[analogdevicesinc.github.io/no-OS/doxygen/iio__trigger_8h.html]
[analogdevicesinc.github.io/no-OS/doxygen/iio__trigger_8h_source.html]
[analogdevicesinc.github.io/no-OS/doxygen/structiio__trigger.html]
[analogdevicesinc.github.io/no-OS/doxygen/iio__types_8h.html]
[analogdevicesinc.github.io/no-OS/doxygen/iio__types_8h_source.html]
[analogdevicesinc.github.io/no-OS/doxygen/iiod_8c.html]
[analogdevicesinc.github.io/no-OS/doxygen/iiod_8h.html]
[analogdevicesinc.github.io/no-OS/doxygen/iiod_8h_source.html]
[analogdevicesinc.github.io/no-OS/doxygen/iiod__private_8h.html]
[analogdevicesinc.github.io/no-OS/doxygen/iiod__private_8h_source.html]
[analogdevicesinc.github.io/no-OS/doxygen/dir_78634ff25e58b92b5f1618f07281e262.html]
[analogdevicesinc.github.io/no-OS/doxygen/dir_cc7e78ffeebb2234a6039bf0ca1dc02f.html]
[analogdevicesinc.github.io/no-OS/doxygen/dir_399e2a5439176b61d8b5020b0e8ec1c2.html]
[analogdevicesinc.github.io/no-OS/doxygen/dir_c488c1fc8fbf73d33da493102f6bd7a4.html]
[analogdevicesinc.github.io/no-OS/doxygen/dir_083dba8cee437245feadb40657166c6a.html]
[analogdevicesinc.github.io/no-OS/doxygen/dir_1bc40316e8690eea7a600fdbfd0ed7d2.html]
[analogdevicesinc.github.io/no-OS/doxygen/dir_d1d32a2bfd0da789f4336484755978dc.html]
[analogdevicesinc.github.io/no-OS/doxygen/dir_933df3387c27c44357ddb054f64b4305.html]
[analogdevicesinc.github.io/no-OS/doxygen/dir_7bba3ee25f29b4cdb63653d07fa7ac67.html]
[analogdevicesinc.github.io/no-OS/doxygen/dir_c8e85d5e91db72ae82bd9767b81d161e.html]
[analogdevicesinc.github.io/no-OS/doxygen/dir_19e439abb1b987f6f684fc8f5f0100aa.html]
[analogdevicesinc.github.io/no-OS/doxygen/dir_e5f4c55117241f353174a823526a1f5a.html]
[analogdevicesinc.github.io/no-OS/doxygen/dir_6e91452477304dd5c5c204892a5ea3be.html]
[analogdevicesinc.github.io/no-OS/doxygen/dir_5af5355a8c863db412f7fcb00d429d2f.html]
[analogdevicesinc.github.io/no-OS/doxygen/dir_33c2aaa2da9464fe97a8e294cd35442d.html]
[analogdevicesinc.github.io/no-OS/doxygen/dir_a79c5ace4459d99e704c33d1b42d6308.html]
[analogdevicesinc.github.io/no-OS/doxygen/dir_387a07b00c8b758bbbcd45d250212081.html]
[analogdevicesinc.github.io/no-OS/doxygen/dir_439ce977c60d650be51e7b564d4dc13b.html]
[analogdevicesinc.github.io/no-OS/doxygen/dir_088b11f81b296c7a4ca2448c58845881.html]
[analogdevicesinc.github.io/no-OS/doxygen/dir_d39e1d6d0b62b40c72ed76df67a0e876.html]
[analogdevicesinc.github.io/no-OS/doxygen/dir_2355b3e044e758a786acb68ffaef8bec.html]
[analogdevicesinc.github.io/no-OS/doxygen/dir_f52412d4d6de217a519c6bf9098ee69e.html]
[analogdevicesinc.github.io/no-OS/doxygen/dir_9b3438fd60f2f383d683106e3bc0a3f3.html]
[analogdevicesinc.github.io/no-OS/doxygen/dir_814162e5a32f1e930cbce97ec196ade7.html]
[analogdevicesinc.github.io/no-OS/doxygen/dir_f4fb047a6f6afcf318e5c9d2a6d0a455.html]
[analogdevicesinc.github.io/no-OS/doxygen/dir_c8e4947630043c2d47a0f49e2191c6e4.html]
[analogdevicesinc.github.io/no-OS/doxygen/dir_d1004a424239a5091509d0cf440042ba.html]
[analogdevicesinc.github.io/no-OS/doxygen/dir_861779ede10c4f17161af76b50b3282c.html]
[analogdevicesinc.github.io/no-OS/doxygen/dir_2b2ace5620b8ea5beef4418f34850b92.html]
[analogdevicesinc.github.io/no-OS/doxygen/dir_a87f92c20fc026f4b111840c3017a874.html]
[analogdevicesinc.github.io/no-OS/doxygen/dir_3e25e8f22a645d4077b5d0157a491ed1.html]
[analogdevicesinc.github.io/no-OS/doxygen/dir_c073f44069775502716a0cc5c6fecc4b.html]
[analogdevicesinc.github.io/no-OS/doxygen/dir_95da23c860b26a0b07c07ddfff3d94c0.html]
[analogdevicesinc.github.io/no-OS/doxygen/dir_82a6898040d23ce73b8e3226f20d8dae.html]
[analogdevicesinc.github.io/no-OS/doxygen/dir_d022523ea65878f568c8fc84fd6f9506.html]
[analogdevicesinc.github.io/no-OS/doxygen/dir_d4c956d43c76f27b1a65450c9f7a41ab.html]
[analogdevicesinc.github.io/no-OS/doxygen/dir_757ba6b8dfa0032cbb01f129ccff19fa.html]
[analogdevicesinc.github.io/no-OS/doxygen/dir_6846ec96100544b80be9d25cc3018bbc.html]
[analogdevicesinc.github.io/no-OS/doxygen/dir_3228b1c761c899e629b28cf6b4148a29.html]
[analogdevicesinc.github.io/no-OS/doxygen/dir_c33b169ef39280dd0f6597af682af335.html]
[analogdevicesinc.github.io/no-OS/doxygen/dir_bcbfd1d4efed734b4f50962c9e6f481d.html]
[analogdevicesinc.github.io/no-OS/doxygen/dir_39ba4fe41d4f72e8a109aaec329f0c46.html]
[analogdevicesinc.github.io/no-OS/doxygen/dir_de11fe71b311e4a8f994dc9888641cda.html]
[analogdevicesinc.github.io/no-OS/doxygen/dir_163cca6fa8a1560f29ef3e3a79fc4a11.html]
[analogdevicesinc.github.io/no-OS/doxygen/dir_35e8fd9315587fefa5cfcbbeb0cd4b05.html]
[analogdevicesinc.github.io/no-OS/doxygen/dir_b581570daba59bcc1cdd9b11b8ad92b4.html]
[analogdevicesinc.github.io/no-OS/doxygen/dir_2eb53a849c4f711ee940a47b583bfce6.html]
[analogdevicesinc.github.io/no-OS/doxygen/dir_11800b1b1f7ef4c4a5294bd20d7db906.html]
[analogdevicesinc.github.io/no-OS/doxygen/dir_e5d588137c30e57c246d8ed8cd76e130.html]
[analogdevicesinc.github.io/no-OS/doxygen/dir_000dca1c5ea0ad0742766fa425d8e342.html]
[analogdevicesinc.github.io/no-OS/doxygen/dir_926ddf01e857c9b271aa7f3bf5beacb7.html]
[analogdevicesinc.github.io/no-OS/doxygen/dir_c3e3182afa6e3317f2921f3f1bb36b7b.html]
[analogdevicesinc.github.io/no-OS/doxygen/dir_2a4cdcd0bff24615ff39310ce4445d46.html]
[analogdevicesinc.github.io/no-OS/doxygen/dir_b94126ddb5ac207694ba8c9243becaff.html]
[analogdevicesinc.github.io/no-OS/doxygen/dir_a544bc64c505d72e7b0114e021dcf721.html]
[analogdevicesinc.github.io/no-OS/doxygen/dir_fe1f95a1fe084ed9e009711a1296f9dd.html]
[analogdevicesinc.github.io/no-OS/doxygen/dir_aa577ad46a7e19fba00f09ae0610f4c0.html]
[analogdevicesinc.github.io/no-OS/doxygen/dir_d33fae9a7617898e3728244b82eca88d.html]
[analogdevicesinc.github.io/no-OS/doxygen/dir_49ce178dd54136a3b936b692e3472a1d.html]
[analogdevicesinc.github.io/no-OS/doxygen/dir_c1f047a5e1e4369ce9115bdfb6c4bba6.html]
[analogdevicesinc.github.io/no-OS/doxygen/dir_b4b18d3576ac60f7c2e404997c939a11.html]
[analogdevicesinc.github.io/no-OS/doxygen/dir_f000d852853cd02aa31087191c981f97.html]
[analogdevicesinc.github.io/no-OS/doxygen/dir_62c7dc6029000c3ccb6271ca4ad55c38.html]
[analogdevicesinc.github.io/no-OS/doxygen/dir_1b35e70d361015c61856c3458bdba37c.html]
[analogdevicesinc.github.io/no-OS/doxygen/dir_67674b3444278590977702ae33b0a938.html]
[analogdevicesinc.github.io/no-OS/doxygen/dir_31317ffae020a4525db81b328fa5ac3a.html]
[analogdevicesinc.github.io/no-OS/doxygen/dir_ff13f743faa08130b1948352d67ebed0.html]
[analogdevicesinc.github.io/no-OS/doxygen/dir_293564e8b584f13d903a6a4c3132f281.html]
[analogdevicesinc.github.io/no-OS/doxygen/dir_f7342b54654ed3a2dda4161e5a9c6d5b.html]
[analogdevicesinc.github.io/no-OS/doxygen/dir_770ec7d39862d0ac71f95b1da9516395.html]
[analogdevicesinc.github.io/no-OS/doxygen/dir_2260172aa251173791abb4eabbf338ee.html]
[analogdevicesinc.github.io/no-OS/doxygen/dir_9bcf5113779b7f1a31abae76117b06bb.html]
[analogdevicesinc.github.io/no-OS/doxygen/dir_f060a0c703bb28a4bf7cfe3f07cf4cf9.html]
[analogdevicesinc.github.io/no-OS/doxygen/dir_0f8823d65e07e3f248827369afb98ec9.html]
[analogdevicesinc.github.io/no-OS/doxygen/dir_fb5a6243b7d1a8458b8ac1552a0e4827.html]
[analogdevicesinc.github.io/no-OS/doxygen/dir_c3ae8ad551b5c9b23fcfcb59e7b543a1.html]
[analogdevicesinc.github.io/no-OS/doxygen/dir_bb643147f431ea4cfa357de41c6e8629.html]
[analogdevicesinc.github.io/no-OS/doxygen/dir_b0603f2905d6a904de533c49dbd113e9.html]
[analogdevicesinc.github.io/no-OS/doxygen/dir_2ef46727f9f00239f334f3c961ff3e18.html]
[analogdevicesinc.github.io/no-OS/doxygen/dir_a0b4790ee88402dcd3d4c461ac8c9d2a.html]
[analogdevicesinc.github.io/no-OS/doxygen/dir_c256199e6f83844ac97b359bf12a3571.html]
[analogdevicesinc.github.io/no-OS/doxygen/dir_12761f117f552a1226b0a98ec09eb89c.html]
[analogdevicesinc.github.io/no-OS/doxygen/dir_34852b2b0cfdf38dfbfae9450acf542b.html]
[analogdevicesinc.github.io/no-OS/doxygen/dir_ecc4a14f3731eedecfc35209a305fe58.html]
[analogdevicesinc.github.io/no-OS/doxygen/dir_c61975be4dd2693b92ba23ac9294bb74.html]
[analogdevicesinc.github.io/no-OS/doxygen/dir_e5711a62e786b6ea4d4d63f9aa88c959.html]
[analogdevicesinc.github.io/no-OS/doxygen/dir_a366354de5a09959c7a466e2de9378f8.html]
[analogdevicesinc.github.io/no-OS/doxygen/dir_940cf7733fef4cb1338773b6ea17dced.html]
[analogdevicesinc.github.io/no-OS/doxygen/dir_6cf6d491d9e43ed75544c08a924eb408.html]
[analogdevicesinc.github.io/no-OS/doxygen/dir_89fed82611acf5fc52cc7714c1a48953.html]
[analogdevicesinc.github.io/no-OS/doxygen/dir_40b590062b1bf0af6ce3699658e052b7.html]
[analogdevicesinc.github.io/no-OS/doxygen/dir_951adffa43c71ee3f0ba1048f45657e0.html]
[analogdevicesinc.github.io/no-OS/doxygen/dir_de58dfb1d9590ff90f2c52ab2fc80a52.html]
[analogdevicesinc.github.io/no-OS/doxygen/dir_a213c748fa9f7ffc329554ee8389ff86.html]
[analogdevicesinc.github.io/no-OS/doxygen/dir_4904a98c1b8e52ff0d543c7bc9cd32ee.html]
[analogdevicesinc.github.io/no-OS/doxygen/dir_2ea1c9eda349198dd7a65397987c6a66.html]
[analogdevicesinc.github.io/no-OS/doxygen/dir_f111704df305435ac3607b52576bb19d.html]
[analogdevicesinc.github.io/no-OS/doxygen/dir_12a6b46483f43d37c631ca6291e7f214.html]
[analogdevicesinc.github.io/no-OS/doxygen/dir_efa8649ae4b2cee312f15c0e90c397f7.html]
[analogdevicesinc.github.io/no-OS/doxygen/dir_48ab16b6eb5e4074d27ffa02ec9f0464.html]
[analogdevicesinc.github.io/no-OS/doxygen/dir_090048f201553821eda5983e07d87356.html]
[analogdevicesinc.github.io/no-OS/doxygen/dir_b5cabd81cedafa7c15cb6dc141ea6c59.html]
[analogdevicesinc.github.io/no-OS/doxygen/dir_60dae4b3eebd7f16934628baacee60c1.html]
[analogdevicesinc.github.io/no-OS/doxygen/dir_48854195a0d456eed7693e6348f42881.html]
[analogdevicesinc.github.io/no-OS/doxygen/dir_1fd396b87da52eb8bb68637958eef173.html]
[analogdevicesinc.github.io/no-OS/doxygen/dir_25bcb166de3342d9dd622f611c2e278c.html]
[analogdevicesinc.github.io/no-OS/doxygen/dir_fbe7979a5f2e8fd671862500ab6d54c2.html]
[analogdevicesinc.github.io/no-OS/doxygen/dir_7721e379a67e49f1dbad0139d33fdc5c.html]
[analogdevicesinc.github.io/no-OS/doxygen/dir_de0bf29c6526fb5e42167b34d3806b5c.html]
[analogdevicesinc.github.io/no-OS/doxygen/dir_23d08b85d872f4b26fa6d7ee6834b1cf.html]
[analogdevicesinc.github.io/no-OS/doxygen/dir_41edc07063a799fecff8c2410f37b063.html]
[analogdevicesinc.github.io/no-OS/doxygen/dir_418234a11181ef8765b4596475f1963a.html]
[analogdevicesinc.github.io/no-OS/doxygen/dir_5db4921c3fb944a47aa48c1d0a144b19.html]
[analogdevicesinc.github.io/no-OS/doxygen/dir_d5e6685c9dbaadfba57fe6fca145a91d.html]
[analogdevicesinc.github.io/no-OS/doxygen/dir_36b02838c38ea3008ebee5e9e1aef644.html]
[analogdevicesinc.github.io/no-OS/doxygen/dir_e22e9f5f2a1eebef6733550fc09cbe7c.html]
[analogdevicesinc.github.io/no-OS/doxygen/dir_a14d35a4cba73b724bda369e596eb510.html]
[analogdevicesinc.github.io/no-OS/doxygen/dir_28f2389090e388475ca29de69a35db1e.html]
[analogdevicesinc.github.io/no-OS/doxygen/dir_08f05152f12db160117737eb7b702b38.html]
[analogdevicesinc.github.io/no-OS/doxygen/dir_1ef1f097d715ccb5570ee49db479e77f.html]
[analogdevicesinc.github.io/no-OS/doxygen/dir_e9e475af72a99764a4cc4272bdeae6a0.html]
[analogdevicesinc.github.io/no-OS/doxygen/dir_28276bf29cdbcb9b83c819bd7841f5ac.html]
[analogdevicesinc.github.io/no-OS/doxygen/dir_4b1914dc854d1c304bcb758e0a6d5278.html]
[analogdevicesinc.github.io/no-OS/doxygen/dir_26e20c04aa60813ed450b39d710e74fe.html]
[analogdevicesinc.github.io/no-OS/doxygen/dir_7e4630e7b180c61e2a0f0e3e6a50c4f3.html]
[analogdevicesinc.github.io/no-OS/doxygen/dir_4266e7710ee9b94ab56a68155bf07107.html]
[analogdevicesinc.github.io/no-OS/doxygen/dir_105f9adac033b9d4b7f118e4520d3b63.html]
[analogdevicesinc.github.io/no-OS/doxygen/dir_d763b762a39fe946add47a38540e872e.html]
[analogdevicesinc.github.io/no-OS/doxygen/dir_55b675dc8da6391c0cb0e3d07f11e925.html]
[analogdevicesinc.github.io/no-OS/doxygen/dir_a7e557ffd81cb25b55d614a49c296547.html]
[analogdevicesinc.github.io/no-OS/doxygen/dir_2d6349bd81280aa64484dee8fa776aa8.html]
[analogdevicesinc.github.io/no-OS/doxygen/dir_36b28f17dfbca5aa507c07a98e844f6c.html]
[analogdevicesinc.github.io/no-OS/doxygen/dir_765e2cbc0e7636724d6235f95e3f02f1.html]
[analogdevicesinc.github.io/no-OS/doxygen/dir_2fc48762dae8ae14d59da9ed2865a3ba.html]
[analogdevicesinc.github.io/no-OS/doxygen/dir_6eee536888406bbe4f9f7327afa104ff.html]
[analogdevicesinc.github.io/no-OS/doxygen/dir_3803b9dde93d68cc0905c98081652c4d.html]
[analogdevicesinc.github.io/no-OS/doxygen/dir_b1d47cc05fc79d50ac3a2723ab02e4d4.html]
[analogdevicesinc.github.io/no-OS/doxygen/dir_413156a487781955a0a4caceb97dff71.html]
[analogdevicesinc.github.io/no-OS/doxygen/dir_87220615821c0e909d07ac95a2673e31.html]
[analogdevicesinc.github.io/no-OS/doxygen/dir_ed2244795db1228a8dd895215df51b71.html]
[analogdevicesinc.github.io/no-OS/doxygen/dir_c9bd789f02f541dbc515ac531de5f785.html]
[analogdevicesinc.github.io/no-OS/doxygen/dir_cccc9448bfebe2f8cddf72db3368e613.html]
[analogdevicesinc.github.io/no-OS/doxygen/dir_897398dd56e2f9b4a1659ae231a4e5d8.html]
[analogdevicesinc.github.io/no-OS/doxygen/dir_ac3deaa741ce583039df702d03d673ff.html]
[analogdevicesinc.github.io/no-OS/doxygen/dir_6f1aa14f78130e92d95a161538c7ce0f.html]
[analogdevicesinc.github.io/no-OS/doxygen/dir_cc74e369b05b794bf3194672b52f6b8f.html]
[analogdevicesinc.github.io/no-OS/doxygen/dir_b911793d369b88e1f229828f364bc0d3.html]
[analogdevicesinc.github.io/no-OS/doxygen/dir_5537b8371b60a527786d7269be7763d5.html]
[analogdevicesinc.github.io/no-OS/doxygen/dir_b8e8f8e0d4444e5d3089bbe95e9f6d6a.html]
[analogdevicesinc.github.io/no-OS/doxygen/dir_25c512781a724b3d4ce93959610acffe.html]
[analogdevicesinc.github.io/no-OS/doxygen/dir_75733106c77e08a47153c295292fc58e.html]
[analogdevicesinc.github.io/no-OS/doxygen/dir_0ae676e87a0dbb1a4743e6cd33f4a7a7.html]
[analogdevicesinc.github.io/no-OS/doxygen/dir_a013653facc10bc44dccc8ae566e22e4.html]
[analogdevicesinc.github.io/no-OS/doxygen/dir_19a7e2fb042922fa75a281eefbb7a02a.html]
[analogdevicesinc.github.io/no-OS/doxygen/dir_33df6b6a98ac2cf98a99d4cd9bc23d89.html]
[analogdevicesinc.github.io/no-OS/doxygen/dir_05506eb3a9f632991c1e37ae03347b32.html]
[analogdevicesinc.github.io/no-OS/doxygen/dir_3d6ca3fb4d19696a07ddd3baa647c5fd.html]
[analogdevicesinc.github.io/no-OS/doxygen/dir_d2978f006c706e2a0b14af72fbbcec25.html]
[analogdevicesinc.github.io/no-OS/doxygen/dir_48d6b6364e6b4be46aaf3267480e6169.html]
[analogdevicesinc.github.io/no-OS/doxygen/dir_71100023361704796b90f142b5c96730.html]
[analogdevicesinc.github.io/no-OS/doxygen/dir_d48df8048749553b33f54529a54c55cb.html]
[analogdevicesinc.github.io/no-OS/doxygen/dir_6787bb17f0a8956df0cac710764aa7be.html]
[analogdevicesinc.github.io/no-OS/doxygen/dir_e0c6af1ef83b7c365373f0310675c3a1.html]
[analogdevicesinc.github.io/no-OS/doxygen/dir_019850bbbf36ee3ed674bd7a8a4ce22f.html]
[analogdevicesinc.github.io/no-OS/doxygen/dir_75f7a620584bf729428a1ed507b7152e.html]
[analogdevicesinc.github.io/no-OS/doxygen/dir_a2f93eae5f103c672fff1d2fc07913eb.html]
[analogdevicesinc.github.io/no-OS/doxygen/dir_c89b67939678b99406bbdd8f060c5c31.html]
[analogdevicesinc.github.io/no-OS/doxygen/dir_55f7a20e1e3b458b2e8e952602282323.html]
[analogdevicesinc.github.io/no-OS/doxygen/dir_be871d74a68cf921c23d128d3be44000.html]
[analogdevicesinc.github.io/no-OS/doxygen/dir_4ed417a91f9ccc543343a95aa671159a.html]
[analogdevicesinc.github.io/no-OS/doxygen/dir_3e14040dbe29f5bfc0562555b33e4be5.html]
[analogdevicesinc.github.io/no-OS/doxygen/dir_800530c666b44857813facfa99e43e62.html]
[analogdevicesinc.github.io/no-OS/doxygen/dir_7bc14fc790c2283c57c90760d7462e45.html]
[analogdevicesinc.github.io/no-OS/doxygen/dir_9b2caac4e4dc4b19998e5fb877e5b175.html]
[analogdevicesinc.github.io/no-OS/doxygen/dir_983c00b2d44e13a46e6211602642f9e5.html]
[analogdevicesinc.github.io/no-OS/doxygen/dir_1c9e6a481093ab5b04d3237e59c733c6.html]
[analogdevicesinc.github.io/no-OS/doxygen/dir_d05b23a76cbe17f522f18a0d27ed91e3.html]
[analogdevicesinc.github.io/no-OS/doxygen/dir_0a55f5ef242c8bf31c9720ba5b734af7.html]
[analogdevicesinc.github.io/no-OS/doxygen/dir_3cc6e73161187191794db3a049203490.html]
[analogdevicesinc.github.io/no-OS/doxygen/dir_97cf3b3175a8b2347d4fce76a9d8eda4.html]
[analogdevicesinc.github.io/no-OS/doxygen/dir_fb34397e0d34ed10b81e1fa32d46de53.html]
[analogdevicesinc.github.io/no-OS/doxygen/dir_97ca9c88d29b4a484760c767ea64e5e9.html]
[analogdevicesinc.github.io/no-OS/doxygen/dir_e8be5e1817392740fa591328745691ec.html]
[analogdevicesinc.github.io/no-OS/doxygen/dir_bc5888822bd79db4d91f877205f509a8.html]
[analogdevicesinc.github.io/no-OS/doxygen/dir_177a2657a1a20f86bc55adfdac46e704.html]
[analogdevicesinc.github.io/no-OS/doxygen/dir_331ca25b11c1b39996c66e427cec9548.html]
[analogdevicesinc.github.io/no-OS/doxygen/dir_9dec1d85affb9c2fbff548a27b73f594.html]
[analogdevicesinc.github.io/no-OS/doxygen/dir_7bf5166ab08f22a3cea8edbdaca72206.html]
[analogdevicesinc.github.io/no-OS/doxygen/dir_9fa5595d052aae29c0b5f5dfcac26cb6.html]
[analogdevicesinc.github.io/no-OS/doxygen/dir_58072225bda2fe5ba1147ed713bee31a.html]
[analogdevicesinc.github.io/no-OS/doxygen/dir_0b543338d3e7e38f3db4d4f748b9fbb2.html]
[analogdevicesinc.github.io/no-OS/doxygen/dir_82aca37a807434d8e7fc1308ea3769da.html]
[analogdevicesinc.github.io/no-OS/doxygen/dir_804b7c8d2dd1ca20c34041b1f522c19a.html]
[analogdevicesinc.github.io/no-OS/doxygen/dir_f5bcc475cea93567f76d813fba2b5add.html]
[analogdevicesinc.github.io/no-OS/doxygen/dir_efb4a3571e41b96b51cbd7c3c4e0f196.html]
[analogdevicesinc.github.io/no-OS/doxygen/dir_960973b0fa299ab5b0017adc72981cbd.html]
[analogdevicesinc.github.io/no-OS/doxygen/dir_c00fb37e47ce71aa237d95d5eb694a48.html]
[analogdevicesinc.github.io/no-OS/doxygen/dir_85a73f16dbd610096c4d808d99769a12.html]
[analogdevicesinc.github.io/no-OS/doxygen/dir_749ed0c3db1e75d4c7ba61f6a53d4d1a.html]
[analogdevicesinc.github.io/no-OS/doxygen/dir_8a634874e0c82ccfb7eec2c1b3f9d653.html]
[analogdevicesinc.github.io/no-OS/doxygen/dir_087636409d7e30290b840f1fda733f8b.html]
[analogdevicesinc.github.io/no-OS/doxygen/dir_9c99ae70a66b6adba8c8ecf37847d16d.html]
[analogdevicesinc.github.io/no-OS/doxygen/dir_8033f1e2890f29d1bfaaba3138329b0b.html]
[analogdevicesinc.github.io/no-OS/doxygen/dir_6f3279fa519b3daddef021d768d14baf.html]
[analogdevicesinc.github.io/no-OS/doxygen/dir_c4168020857709f25398bb68c31bd74c.html]
[analogdevicesinc.github.io/no-OS/doxygen/dir_53fb5caa6a68ac5a8db96ae5031c30fe.html]
[analogdevicesinc.github.io/no-OS/doxygen/dir_460df101d0e685580aaf2b5651cae498.html]
[analogdevicesinc.github.io/no-OS/doxygen/dir_f29e957ef074b410d6050a6bf9f9e162.html]
[analogdevicesinc.github.io/no-OS/doxygen/dir_37efa587e1fe29894c2a65b6662a8a1b.html]
[analogdevicesinc.github.io/no-OS/doxygen/dir_aa8b1da4a8f7a2bee677df38e9c24e7a.html]
[analogdevicesinc.github.io/no-OS/doxygen/dir_5c0fd45172da1472d9184d3ff95c3be3.html]
[analogdevicesinc.github.io/no-OS/doxygen/dir_a50bd96bc9033c9ce2735702e216d53d.html]
[analogdevicesinc.github.io/no-OS/doxygen/dir_513b1c0ce0e3b55e783caa9903d018df.html]
[analogdevicesinc.github.io/no-OS/doxygen/dir_2fa9d32da60060caebcdaaac44ff3bc7.html]
[analogdevicesinc.github.io/no-OS/doxygen/dir_7d1b33b5d28b6d11d11dbf97ec83ddf6.html]
[analogdevicesinc.github.io/no-OS/doxygen/dir_7a9df18d15864af4f070f94bcf08a7df.html]
[analogdevicesinc.github.io/no-OS/doxygen/dir_ce85011cb3d66997e6c5f769d2e776aa.html]
[analogdevicesinc.github.io/no-OS/doxygen/dir_3af93cc3f572e969fad9be4c913fc4fe.html]
[analogdevicesinc.github.io/no-OS/doxygen/dir_d6da4a1bf4256a88b2e9bbb70b4ec720.html]
[analogdevicesinc.github.io/no-OS/doxygen/dir_e7630fc365030166a88506e6712610d5.html]
[analogdevicesinc.github.io/no-OS/doxygen/dir_3ab0a7db7a7a49eed08fb2418ab78a9d.html]
[analogdevicesinc.github.io/no-OS/doxygen/dir_182c6586ec79448f1797ef9f8c82c57d.html]
[analogdevicesinc.github.io/no-OS/doxygen/dir_4a8ca4695788cb670a10ad91f4f6d6f3.html]
[analogdevicesinc.github.io/no-OS/doxygen/dir_5a74baf231ec7b2d08e3effc89cd6f60.html]
[analogdevicesinc.github.io/no-OS/doxygen/dir_5993f69a7983f23eac09243b194646fc.html]
[analogdevicesinc.github.io/no-OS/doxygen/dir_6a5cb97f3d4ff2c3ed3d54b8b729fd93.html]
[analogdevicesinc.github.io/no-OS/doxygen/dir_f3ccd8dc551bad6960bade4179fd7768.html]
[analogdevicesinc.github.io/no-OS/doxygen/dir_7909b31e02b7d81d567745e3b9e19b43.html]
[analogdevicesinc.github.io/no-OS/doxygen/dir_128d29588fc0a22b10448961685f3634.html]
[analogdevicesinc.github.io/no-OS/doxygen/dir_a2e0e15bbbe498f45e0739d86107ecc5.html]
[analogdevicesinc.github.io/no-OS/doxygen/dir_e1c36cd2c5a68f615f5ccf8520701ae9.html]
[analogdevicesinc.github.io/no-OS/doxygen/dir_482371f319b91a60cc1a7bc8e2e439eb.html]
[analogdevicesinc.github.io/no-OS/doxygen/dir_0dcaefa4c91d120f21c34efb96012b9e.html]
[analogdevicesinc.github.io/no-OS/doxygen/dir_4d42fc52f39a5a81b4a8a6e2d2c31a0e.html]
[analogdevicesinc.github.io/no-OS/doxygen/dir_459f777f2727bb57792d5eafffecc322.html]
[analogdevicesinc.github.io/no-OS/doxygen/dir_0224ab72769b6758da03f88182a728e5.html]
[analogdevicesinc.github.io/no-OS/doxygen/dir_732e9b5da7a29e63eb99d33fd6bb798c.html]
[analogdevicesinc.github.io/no-OS/doxygen/dir_7d7d10ff1f98e14416390c3f54637f17.html]
[analogdevicesinc.github.io/no-OS/doxygen/dir_393230f5703d4cea968139de6b2d7bda.html]
[analogdevicesinc.github.io/no-OS/doxygen/dir_d2746c711ce1ee8ed5ff0f4d2efd3b4f.html]
[analogdevicesinc.github.io/no-OS/doxygen/dir_d0924975bcc02695b5b610b8fdc948f4.html]
[analogdevicesinc.github.io/no-OS/doxygen/dir_caa4620b537f96a13f6e9ce248502356.html]
[analogdevicesinc.github.io/no-OS/doxygen/dir_0a6082804338804dba9a6f13a1cf416e.html]
[analogdevicesinc.github.io/no-OS/doxygen/dir_249854d7b7fa8a87fd91576bdf8c89f2.html]
[analogdevicesinc.github.io/no-OS/doxygen/dir_500c22fedd3e17f32e246114098be176.html]
[analogdevicesinc.github.io/no-OS/doxygen/dir_abd9bc005cb1a888939656a3159918e4.html]
[analogdevicesinc.github.io/no-OS/doxygen/dir_67051097ac315a441d2c5aab074f7aa9.html]
[analogdevicesinc.github.io/no-OS/doxygen/dir_4b87c90235b289aadd6cb01a1beaed12.html]
[analogdevicesinc.github.io/no-OS/doxygen/dir_32ced662e16aacf80a283f9b59e47ae7.html]
[analogdevicesinc.github.io/no-OS/doxygen/dir_dd54dbff5fa37a4c9be8d21dd92a4ac3.html]
[analogdevicesinc.github.io/no-OS/doxygen/dir_455c9c2cf30d0843f3b1794329d51f4d.html]
[analogdevicesinc.github.io/no-OS/doxygen/dir_040017bcf9c54839a5b3c2ef02522f50.html]
[analogdevicesinc.github.io/no-OS/doxygen/dir_f91b0aec9ac29a50a78d3a9dfee6b981.html]
[analogdevicesinc.github.io/no-OS/doxygen/dir_219101b2490364e0de65aeba0df1b4da.html]
[analogdevicesinc.github.io/no-OS/doxygen/dir_cb4cbd266e465ead1e68768e81006038.html]
[analogdevicesinc.github.io/no-OS/doxygen/dir_836ef167ad1223f0f55ad5917a426e9e.html]
[analogdevicesinc.github.io/no-OS/doxygen/dir_b6a88b75e23e88b6f8636b76805e7d51.html]
[analogdevicesinc.github.io/no-OS/doxygen/dir_589f4e7baad3ed172c781fa2fec2338c.html]
[analogdevicesinc.github.io/no-OS/doxygen/dir_f74019ef3c82717936e494a0b3ba9d51.html]
[analogdevicesinc.github.io/no-OS/doxygen/dir_1d1c2e76d3e52ef221301d42865c2111.html]
[analogdevicesinc.github.io/no-OS/doxygen/dir_0a45d9719c3ba96e5959e45f35ceb29b.html]
[analogdevicesinc.github.io/no-OS/doxygen/dir_79bfd3cee89afe63a4973c7e3562b1df.html]
[analogdevicesinc.github.io/no-OS/doxygen/dir_aa2a341890a282774123b59ba4c4511b.html]
[analogdevicesinc.github.io/no-OS/doxygen/dir_8f1ded68b3e34b992d15c26a04b7ad20.html]
[analogdevicesinc.github.io/no-OS/doxygen/dir_8cdd6c5c5e27e391e70f6c6e64ab9c66.html]
[analogdevicesinc.github.io/no-OS/doxygen/dir_d43f24855d61ff2de7cac6984ca7e959.html]
[analogdevicesinc.github.io/no-OS/doxygen/dir_d21170147e2ec72c93c37f039073c0bf.html]
[analogdevicesinc.github.io/no-OS/doxygen/dir_c805713a1d8d04d9aff4e8b3834c94ba.html]
[analogdevicesinc.github.io/no-OS/doxygen/dir_b0418e9d6b9dc070f2d646ae1a0a2609.html]
[analogdevicesinc.github.io/no-OS/doxygen/dir_d1d8aad6071f06ca5e5e11ebb5613644.html]
[analogdevicesinc.github.io/no-OS/doxygen/dir_afdca2c3d5189d45a7552acf00d4475e.html]
[analogdevicesinc.github.io/no-OS/doxygen/dir_72b094e2afc10e6a21d3e351e17920fd.html]
[analogdevicesinc.github.io/no-OS/doxygen/dir_f8cb9c4954185fa7f4208ccaea398316.html]
[analogdevicesinc.github.io/no-OS/doxygen/dir_d5551e249180c83bd40726f90ca74e67.html]
[analogdevicesinc.github.io/no-OS/doxygen/dir_9b094f8e435418226246969a738e546e.html]
[analogdevicesinc.github.io/no-OS/doxygen/dir_4e3706a14d2d8c012348f03a9654b027.html]
[analogdevicesinc.github.io/no-OS/doxygen/dir_ac9fee3864cc4c0ab7a7b0537894e361.html]
